<?xml version="1.0" encoding="UTF-8"?>
<testng-results skipped="0" failed="0" ignored="0" total="1" passed="1">
  <reporter-output>
  </reporter-output>
  <suite name="Default suite" duration-ms="96277" started-at="2021-11-20T06:46:23Z" finished-at="2021-11-20T06:47:59Z">
    <groups>
    </groups>
    <test name="Default test" duration-ms="96277" started-at="2021-11-20T06:46:23Z" finished-at="2021-11-20T06:47:59Z">
      <class name="redifftest.TC_1">
        <test-method status="PASS" signature="setup()[pri:0, instance:redifftest.TC_1@3f49dace]" name="setup" is-config="true" duration-ms="74475" started-at="2021-11-20T06:46:23Z" finished-at="2021-11-20T06:47:38Z">
          <reporter-output>
          </reporter-output>
        </test-method> <!-- setup -->
        <test-method status="PASS" signature="f()[pri:0, instance:redifftest.TC_1@3f49dace]" name="f" duration-ms="21671" started-at="2021-11-20T06:47:38Z" finished-at="2021-11-20T06:47:59Z">
          <reporter-output>
          </reporter-output>
        </test-method> <!-- f -->
      </class> <!-- redifftest.TC_1 -->
    </test> <!-- Default test -->
  </suite> <!-- Default suite -->
</testng-results>
